{
  "stats": {
    "suites": 0,
    "tests": 1,
    "passes": 1,
    "pending": 0,
    "failures": 0,
    "start": "2022-10-16T10:20:14.168Z",
    "end": "2022-10-16T10:20:33.184Z",
    "duration": 19016,
    "testsRegistered": 1,
    "passPercent": 100,
    "pendingPercent": 0,
    "other": 0,
    "hasOther": false,
    "skipped": 0,
    "hasSkipped": false
  },
  "results": [
    {
      "uuid": "b8126ed9-ba5e-4812-a986-8ef85c856b8a",
      "title": "",
      "fullFile": "cypress/integration/Automation/Login_Editor.js",
      "file": "cypress/integration/Automation/Login_Editor.js",
      "beforeHooks": [],
      "afterHooks": [],
      "tests": [
        {
          "title": "Editor login",
          "fullTitle": "Editor login",
          "timedOut": null,
          "duration": 16772,
          "state": "passed",
          "speed": "slow",
          "pass": true,
          "fail": false,
          "pending": false,
          "context": null,
          "code": "loginPage.navigate('https://vreditor.istaging.com/'); // select language\ncy.get('.lang-switcher').select(0);\ncy.get('.lang-switcher').should('contain', 'English');\nloginPage.enterUsername('eric_cypress');\nloginPage.enterPassword('000000');\nloginPage.clickLogin(); // choose the latest LiveTour\ncy.get('.i-dropdown-2 > .btn').click();\ncy.get('.dropdown-menu > :nth-child(5)').click();\ncy.get('#buildingsList_0 > .i-building > .i-building-router').click();\ncy.wait(5000);\ncy.get('.nav > :nth-child(2) > .nav-link').click();",
          "err": {},
          "uuid": "e1b35d62-a95f-4ce8-9677-65d31796de66",
          "parentUUID": "b8126ed9-ba5e-4812-a986-8ef85c856b8a",
          "isHook": false,
          "skipped": false
        }
      ],
      "suites": [],
      "passes": [
        "e1b35d62-a95f-4ce8-9677-65d31796de66"
      ],
      "failures": [],
      "pending": [],
      "skipped": [],
      "duration": 16772,
      "root": true,
      "rootEmpty": false,
      "_timeout": 2000
    }
  ],
  "meta": {
    "mocha": {
      "version": "7.0.1"
    },
    "mochawesome": {
      "options": {
        "quiet": false,
        "reportFilename": "mochawesome",
        "saveHtml": false,
        "saveJson": true,
        "consoleReporter": "spec",
        "useInlineDiffs": false,
        "code": true
      },
      "version": "7.1.3"
    },
    "marge": {
      "options": {
        "charts": true,
        "overwrite": false,
        "html": false,
        "json": true,
        "reportDir": "cypress/reports"
      },
      "version": "6.2.0"
    }
  }
}